Arguments: 
  /Users/hammer/.nvm/versions/node/v10.15.0/bin/node /Users/hammer/.nvm/versions/node/v10.15.0/bin/yarn add jasonwebtoken

PATH: 
  /Users/hammer/flutter/bin:/Users/hammer/.nvm/versions/node/v10.15.0/bin:/usr/local/bin:/usr/bin:/bin:/usr/sbin:/sbin:/Applications/anaconda3/condabin:/Users/hammer/flutter/bin:/Users/hammer/.nvm/versions/node/v10.15.0/bin

Yarn version: 
  1.21.1

Node version: 
  10.15.0

Platform: 
  darwin x64

Trace: 
  Error: https://registry.npmjs.org/jasonwebtoken: Not found
      at Request.params.callback [as _callback] (/Users/hammer/.nvm/versions/node/v10.15.0/lib/node_modules/yarn/lib/cli.js:66947:18)
      at Request.self.callback (/Users/hammer/.nvm/versions/node/v10.15.0/lib/node_modules/yarn/lib/cli.js:140665:22)
      at Request.emit (events.js:182:13)
      at Request.<anonymous> (/Users/hammer/.nvm/versions/node/v10.15.0/lib/node_modules/yarn/lib/cli.js:141637:10)
      at Request.emit (events.js:182:13)
      at IncomingMessage.<anonymous> (/Users/hammer/.nvm/versions/node/v10.15.0/lib/node_modules/yarn/lib/cli.js:141559:12)
      at Object.onceWrapper (events.js:273:13)
      at IncomingMessage.emit (events.js:187:15)
      at endReadableNT (_stream_readable.js:1094:12)
      at process._tickCallback (internal/process/next_tick.js:63:19)

npm manifest: 
  {
    "name": "quakehunter",
    "version": "1.0.0",
    "description": "",
    "main": "index.js",
    "scripts": {
      "dev": "nodemon server/index.js"
    },
    "keywords": [],
    "author": "",
    "license": "ISC",
    "dependencies": {
      "apollo-datasource": "^0.6.4",
      "apollo-datasource-rest": "^0.6.11",
      "apollo-server": "^2.9.16",
      "graphql": "^14.5.8",
      "node-fetch": "^2.6.0"
    }
  }

yarn manifest: 
  No manifest

Lockfile: 
  No lockfile
